[debug] > Exec(early(addDefaultCommands), None, None)
[debug] > Exec(addDefaultCommands, None, None)
[debug] > Exec(early(initialize), None, None)
[debug] > Exec(initialize, None, None)
[debug] > Exec(boot, None, None)
[debug] > Exec(writeSbtVersion, None, None)
[debug] > Exec(reload, None, None)
[debug] > Exec(sbtStashOnFailure, None, None)
[debug] > Exec(onFailure loadFailed, None, None)
[debug] > Exec(loadp, None, None)
[info] welcome to sbt 1.6.2 (Private Build Java 16.0.1)
[debug] Load.defaultLoad until apply took 6738.735775ms
[debug]                 Load.loadUnit: plugins took 1407.922355ms
[debug]                 Load.loadUnit: defsScala took 0.27783ms
[debug] [Loading] Scanning directory /home/dy/ysyx-daiyao/project/project
[debug]                   Load.loadUnit: mkEval took 89.497345ms
[warn] In the last 1135 seconds, 16.926 (1.5%) were spent in GC. [Heap: 0.05GB free of 0.09GB, max 0.96GB] Consider increasing the JVM heap using `-Xmx` or try a different collector, e.g. `-XX:+UseG1GC`, for better performance.
[warn] In the last 1630 seconds, 1218.763 (74.8%) were spent in GC. [Heap: 0.05GB free of 0.09GB, max 0.96GB] Consider increasing the JVM heap using `-Xmx` or try a different collector, e.g. `-XX:+UseG1GC`, for better performance.
[debug] [Loading] Found non-root projects 
[debug] [Loading] Done in /home/dy/ysyx-daiyao/project/project, returning: ()
[debug] deducing auto plugins based on known facts Set(Atom(sbt.plugins.CorePlugin)) and clauses Clauses(Clause(Atom(sbt.plugins.JvmPlugin),Set(Atom(sbt.plugins.IvyPlugin)))
[debug] Clause(Atom(sbt.ScriptedPlugin),Set(Atom(sbt.plugins.JvmPlugin)))
[debug] Clause(Atom(sbt.plugins.SbtPlugin),Set(Atom(sbt.ScriptedPlugin)))
[debug] Clause(Atom(sbt.plugins.SemanticdbPlugin),Set(Atom(sbt.plugins.JvmPlugin)))
[debug] Clause(Atom(sbt.plugins.JUnitXmlReportPlugin),Set(Atom(sbt.plugins.JvmPlugin)))
[debug] Clause(Atom(sbt.plugins.MiniDependencyTreePlugin),Set(Atom(sbt.plugins.JvmPlugin)))
[debug] Clause(Atom(sbt.plugins.CorePlugin),Set(Atom(sbt.plugins.IvyPlugin)))
[debug] Clause(Atom(sbt.plugins.IvyPlugin),Set(Atom(sbt.plugins.JvmPlugin)))
[debug] Clause(Atom(sbt.plugins.JvmPlugin),Set(Atom(sbt.plugins.SemanticdbPlugin)))
[debug] Clause(Atom(sbt.plugins.JvmPlugin),Set(Atom(sbt.plugins.JUnitXmlReportPlugin)))
[debug] Clause(Atom(sbt.plugins.CorePlugin),Set(Atom(sbt.plugins.Giter8TemplatePlugin)))
[debug] Clause(Atom(sbt.plugins.JvmPlugin),Set(Atom(sbt.plugins.MiniDependencyTreePlugin))))
[debug]   :: deduced result: Matched(sbt.plugins.CorePlugin,sbt.plugins.Giter8TemplatePlugin,sbt.plugins.IvyPlugin,sbt.plugins.JvmPlugin,sbt.plugins.MiniDependencyTreePlugin,sbt.plugins.JUnitXmlReportPlugin,sbt.plugins.SemanticdbPlugin)
[debug] Plugins.deducer#function took 335.088657 ms
[info] loading settings for project ysyx-daiyao-build-build from metals.sbt ...
[debug]                     Load.resolveProject(ysyx-daiyao-build-build) took 911.871036ms
[debug]                   Load.loadTransitive: finalizeProject(Project(id ysyx-daiyao-build-build, base: /home/dy/ysyx-daiyao/project/project, plugins: List(<none>))) took 1365.803919ms
[debug] [Loading] Done in /home/dy/ysyx-daiyao/project/project, returning: (ysyx-daiyao-build-build)
[debug]                 Load.loadUnit: loadedProjectsRaw took 2791318.437075ms
[debug]                 Load.loadUnit: cleanEvalClasses took 141.316509ms
[debug]               Load.loadUnit(file:/home/dy/ysyx-daiyao/project/project/, ...) took 2793006.268555ms
[debug]             Load.apply: load took 2795860.663704ms
[debug]             Load.apply: resolveProjects took 110.878796ms
[debug]             Load.apply: finalTransforms took 1057.307031ms
[debug]             Load.apply: config.delegates took 148.82233ms
[debug]             Load.apply: Def.make(settings)... took 6045.851464ms
[debug]             Load.apply: structureIndex took 1543.653833ms
[debug]             Load.apply: mkStreams took 47.971348ms
[info] loading project definition from /home/dy/ysyx-daiyao/project/project
[debug] Running task... Cancel: Signal, check cycles: false, forcegc: true
[warn] In the last 416 seconds, 13.106 (3.2%) were spent in GC. [Heap: 0.09GB free of 0.14GB, max 0.96GB] Consider increasing the JVM heap using `-Xmx` or try a different collector, e.g. `-XX:+UseG1GC`, for better performance.
[warn] In the last 739 seconds, 8.428 (1.1%) were spent in GC. [Heap: 0.09GB free of 0.14GB, max 0.96GB] Consider increasing the JVM heap using `-Xmx` or try a different collector, e.g. `-XX:+UseG1GC`, for better performance.
[warn] In the last 210 seconds, 7.038 (3.4%) were spent in GC. [Heap: 0.09GB free of 0.14GB, max 0.96GB] Consider increasing the JVM heap using `-Xmx` or try a different collector, e.g. `-XX:+UseG1GC`, for better performance.
