[debug] > Exec(early(addDefaultCommands), None, None)
[debug] > Exec(addDefaultCommands, None, None)
[debug] > Exec(early(initialize), None, None)
[debug] > Exec(initialize, None, None)
[debug] > Exec(boot, None, None)
[debug] > Exec(writeSbtVersion, None, None)
[debug] > Exec(reload, None, None)
[debug] > Exec(sbtStashOnFailure, None, None)
[debug] > Exec(onFailure loadFailed, None, None)
[debug] > Exec(loadp, None, None)
[info] welcome to sbt 1.6.2 (Private Build Java 16.0.1)
[debug] Load.defaultLoad until apply took 8112.618981ms
[debug]                 Load.loadUnit: plugins took 1464.926625ms
[debug]                 Load.loadUnit: defsScala took 0.260116ms
[debug] [Loading] Scanning directory /home/dy/ysyx-daiyao/project/project
[debug]                   Load.loadUnit: mkEval took 91.159645ms
[warn] In the last 1012 seconds, 7.465 (0.7%) were spent in GC. [Heap: 0.03GB free of 0.08GB, max 0.96GB] Consider increasing the JVM heap using `-Xmx` or try a different collector, e.g. `-XX:+UseG1GC`, for better performance.
[debug] [Loading] Found non-root projects 
[debug] [Loading] Done in /home/dy/ysyx-daiyao/project/project, returning: ()
[debug] deducing auto plugins based on known facts Set(Atom(sbt.plugins.CorePlugin)) and clauses Clauses(Clause(Atom(sbt.plugins.JvmPlugin),Set(Atom(sbt.plugins.IvyPlugin)))
[debug] Clause(Atom(sbt.ScriptedPlugin),Set(Atom(sbt.plugins.JvmPlugin)))
[debug] Clause(Atom(sbt.plugins.SbtPlugin),Set(Atom(sbt.ScriptedPlugin)))
[debug] Clause(Atom(sbt.plugins.SemanticdbPlugin),Set(Atom(sbt.plugins.JvmPlugin)))
[debug] Clause(Atom(sbt.plugins.JUnitXmlReportPlugin),Set(Atom(sbt.plugins.JvmPlugin)))
[debug] Clause(Atom(sbt.plugins.MiniDependencyTreePlugin),Set(Atom(sbt.plugins.JvmPlugin)))
[debug] Clause(Atom(sbt.plugins.CorePlugin),Set(Atom(sbt.plugins.IvyPlugin)))
[debug] Clause(Atom(sbt.plugins.IvyPlugin),Set(Atom(sbt.plugins.JvmPlugin)))
[debug] Clause(Atom(sbt.plugins.JvmPlugin),Set(Atom(sbt.plugins.SemanticdbPlugin)))
[debug] Clause(Atom(sbt.plugins.JvmPlugin),Set(Atom(sbt.plugins.JUnitXmlReportPlugin)))
[debug] Clause(Atom(sbt.plugins.CorePlugin),Set(Atom(sbt.plugins.Giter8TemplatePlugin)))
[debug] Clause(Atom(sbt.plugins.JvmPlugin),Set(Atom(sbt.plugins.MiniDependencyTreePlugin))))
[debug]   :: deduced result: Matched(sbt.plugins.CorePlugin,sbt.plugins.Giter8TemplatePlugin,sbt.plugins.IvyPlugin,sbt.plugins.JvmPlugin,sbt.plugins.MiniDependencyTreePlugin,sbt.plugins.JUnitXmlReportPlugin,sbt.plugins.SemanticdbPlugin)
[debug] Plugins.deducer#function took 466.720502 ms
[info] loading settings for project ysyx-daiyao-build-build from metals.sbt ...
[debug]                     Load.resolveProject(ysyx-daiyao-build-build) took 1125.454349ms
[debug]                   Load.loadTransitive: finalizeProject(Project(id ysyx-daiyao-build-build, base: /home/dy/ysyx-daiyao/project/project, plugins: List(<none>))) took 1750.52385ms
[debug] [Loading] Done in /home/dy/ysyx-daiyao/project/project, returning: (ysyx-daiyao-build-build)
[debug]                 Load.loadUnit: loadedProjectsRaw took 2797990.740382ms
[debug]                 Load.loadUnit: cleanEvalClasses took 93.150466ms
[debug]               Load.loadUnit(file:/home/dy/ysyx-daiyao/project/project/, ...) took 2799698.820802ms
[debug]             Load.apply: load took 2802491.021553ms
[debug]             Load.apply: resolveProjects took 130.121049ms
[debug]             Load.apply: finalTransforms took 1144.281976ms
[debug]             Load.apply: config.delegates took 125.132127ms
[debug]             Load.apply: Def.make(settings)... took 6857.426569ms
[debug]             Load.apply: structureIndex took 1424.274237ms
[debug]             Load.apply: mkStreams took 38.337419ms
[info] loading project definition from /home/dy/ysyx-daiyao/project/project
[debug] Running task... Cancel: Signal, check cycles: false, forcegc: true
