[debug] > Exec(early(addDefaultCommands), None, None)
[debug] > Exec(addDefaultCommands, None, None)
[debug] > Exec(early(initialize), None, None)
[debug] > Exec(initialize, None, None)
[debug] > Exec(boot, None, None)
[debug] > Exec(writeSbtVersion, None, None)
[debug] > Exec(reload, None, None)
[debug] > Exec(sbtStashOnFailure, None, None)
[debug] > Exec(onFailure loadFailed, None, None)
[debug] > Exec(loadp, None, None)
[info] welcome to sbt 1.6.2 (Private Build Java 16.0.1)
[debug] Load.defaultLoad until apply took 7657.806512ms
[debug]                 Load.loadUnit: plugins took 1788.039454ms
[debug]                 Load.loadUnit: defsScala took 0.28381ms
[debug] [Loading] Scanning directory /home/dy/ysyx-daiyao/project/project
[debug]                   Load.loadUnit: mkEval took 146.350343ms
[debug] [Loading] Found non-root projects 
[debug] [Loading] Done in /home/dy/ysyx-daiyao/project/project, returning: ()
[debug] deducing auto plugins based on known facts Set(Atom(sbt.plugins.CorePlugin)) and clauses Clauses(Clause(Atom(sbt.plugins.JvmPlugin),Set(Atom(sbt.plugins.IvyPlugin)))
[debug] Clause(Atom(sbt.ScriptedPlugin),Set(Atom(sbt.plugins.JvmPlugin)))
[debug] Clause(Atom(sbt.plugins.SbtPlugin),Set(Atom(sbt.ScriptedPlugin)))
[debug] Clause(Atom(sbt.plugins.SemanticdbPlugin),Set(Atom(sbt.plugins.JvmPlugin)))
[debug] Clause(Atom(sbt.plugins.JUnitXmlReportPlugin),Set(Atom(sbt.plugins.JvmPlugin)))
[debug] Clause(Atom(sbt.plugins.MiniDependencyTreePlugin),Set(Atom(sbt.plugins.JvmPlugin)))
[debug] Clause(Atom(sbt.plugins.CorePlugin),Set(Atom(sbt.plugins.IvyPlugin)))
[debug] Clause(Atom(sbt.plugins.IvyPlugin),Set(Atom(sbt.plugins.JvmPlugin)))
[debug] Clause(Atom(sbt.plugins.JvmPlugin),Set(Atom(sbt.plugins.SemanticdbPlugin)))
[debug] Clause(Atom(sbt.plugins.JvmPlugin),Set(Atom(sbt.plugins.JUnitXmlReportPlugin)))
[debug] Clause(Atom(sbt.plugins.CorePlugin),Set(Atom(sbt.plugins.Giter8TemplatePlugin)))
[debug] Clause(Atom(sbt.plugins.JvmPlugin),Set(Atom(sbt.plugins.MiniDependencyTreePlugin))))
[debug]   :: deduced result: Matched(sbt.plugins.CorePlugin,sbt.plugins.Giter8TemplatePlugin,sbt.plugins.IvyPlugin,sbt.plugins.JvmPlugin,sbt.plugins.MiniDependencyTreePlugin,sbt.plugins.JUnitXmlReportPlugin,sbt.plugins.SemanticdbPlugin)
[debug] Plugins.deducer#function took 421.131338 ms
[info] loading settings for project ysyx-daiyao-build-build from metals.sbt ...
[debug]                     Load.resolveProject(ysyx-daiyao-build-build) took 1184.251869ms
[debug]                   Load.loadTransitive: finalizeProject(Project(id ysyx-daiyao-build-build, base: /home/dy/ysyx-daiyao/project/project, plugins: List(<none>))) took 2187.438008ms
[debug] [Loading] Done in /home/dy/ysyx-daiyao/project/project, returning: (ysyx-daiyao-build-build)
[debug]                 Load.loadUnit: loadedProjectsRaw took 2801062.369104ms
[debug]                 Load.loadUnit: cleanEvalClasses took 113.503005ms
[debug]               Load.loadUnit(file:/home/dy/ysyx-daiyao/project/project/, ...) took 2803143.169651ms
[debug]             Load.apply: load took 2806482.879873ms
[debug]             Load.apply: resolveProjects took 86.740958ms
[debug]             Load.apply: finalTransforms took 1150.087446ms
[debug]             Load.apply: config.delegates took 141.301451ms
[debug]             Load.apply: Def.make(settings)... took 7014.762001ms
[debug]             Load.apply: structureIndex took 1639.18386ms
[debug]             Load.apply: mkStreams took 1.386123ms
[info] loading project definition from /home/dy/ysyx-daiyao/project/project
[debug] Running task... Cancel: Signal, check cycles: false, forcegc: true
